<?xml version="1.0" encoding="UTF-8"?>
<!-- Generated by org.testng.reporters.JUnitXMLReporter -->
<testsuite hostname="WKWIN4193427" name="Docker Jenkins" tests="3" failures="0" timestamp="31 Mar 2019 12:00:14 GMT" time="50.224" errors="0">
  <testcase name="testEasy" time="30.784" classname="CICD.DockerJenkins.TestOne"/>
  <testcase name="captureScreenshot" time="8.955" classname="CICD.DockerJenkins.TestOne"/>
  <testcase name="brokenLinks" time="3.914" classname="CICD.DockerJenkins.TestOne"/>
</testsuite> <!-- Docker Jenkins -->
